<?xml version="1.0" encoding="UTF-8"?>
<!-- Generated by org.testng.reporters.JUnitReportReporter -->
<testsuite hostname="Ajay-Dadhich" name="com.assignment1.ExtntReports" tests="1" failures="0" timestamp="25 Dec 2020 12:09:46 GMT" time="0.601" errors="0">
  <testcase name="verifyExtent" time="0.601" classname="com.assignment1.ExtntReports"/>
</testsuite> <!-- com.assignment1.ExtntReports -->
