<?xml version="1.0" encoding="UTF-8"?>
<!-- Generated by org.testng.reporters.JUnitReportReporter -->
<testsuite hostname="Ajay-Dadhich" name="com.assignment1.ExcelRead" tests="1" failures="0" timestamp="28 Dec 2020 15:21:14 GMT" time="1.158" errors="0">
  <testcase name="printdata" time="1.158" classname="com.assignment1.ExcelRead"/>
</testsuite> <!-- com.assignment1.ExcelRead -->
