<?xml version="1.0" encoding="UTF-8"?>
<!-- Generated by org.testng.reporters.JUnitReportReporter -->
<testsuite hostname="Ajay-Dadhich" name="com.assignment1.NewTest" tests="2" failures="0" timestamp="22 Dec 2020 15:50:42 GMT" time="0.006" errors="0">
  <testcase name="verifyTitleText" time="0.003" classname="com.assignment1.NewTest"/>
  <testcase name="verifyLogo" time="0.003" classname="com.assignment1.NewTest"/>
</testsuite> <!-- com.assignment1.NewTest -->
