<?xml version="1.0" encoding="UTF-8"?>
<!-- Generated by org.testng.reporters.JUnitReportReporter -->
<testsuite hostname="Ajay-Dadhich" name="com.assignment1.SmokeTest" tests="4" failures="0" timestamp="22 Dec 2020 15:50:42 GMT" time="0.028" errors="0">
  <testcase name="case3" time="0.006" classname="com.assignment1.SmokeTest"/>
  <testcase name="case2" time="0.005" classname="com.assignment1.SmokeTest"/>
  <testcase name="case1" time="0.015" classname="com.assignment1.SmokeTest"/>
  <testcase name="case4" time="0.002" classname="com.assignment1.SmokeTest"/>
</testsuite> <!-- com.assignment1.SmokeTest -->
