<?xml version="1.0" encoding="UTF-8"?>
<!-- Generated by org.testng.reporters.JUnitReportReporter -->
<testsuite hostname="Ajay-Dadhich" name="com.assignment1.ExtentReportDemo" tests="1" failures="0" timestamp="25 Dec 2020 12:05:42 GMT" time="0.619" errors="0">
  <testcase name="initialDemo" time="0.619" classname="com.assignment1.ExtentReportDemo"/>
</testsuite> <!-- com.assignment1.ExtentReportDemo -->
