<?xml version="1.0" encoding="UTF-8"?>
<!-- Generated by org.testng.reporters.JUnitReportReporter -->
<testsuite hostname="Ajay-Dadhich" name="com.assignment1.ExcelRead" tests="1" failures="0" timestamp="27 Dec 2020 06:00:39 GMT" time="0.995" errors="0">
  <testcase name="readdata" time="0.995" classname="com.assignment1.ExcelRead"/>
</testsuite> <!-- com.assignment1.ExcelRead -->
